<?xml version="1.0" encoding="UTF-8"?>
<!-- Generated by org.testng.reporters.JUnitXMLReporter -->
<testsuite ignored="0" hostname="Kittu" failures="0" tests="4" name="Test" time="9.244" errors="0" timestamp="2023-07-05T10:26:37 IST">
  <testcase classname="SignIn.TC_002_Password" name="@BeforeTest Start" time="0.776">
    <failure type="org.openqa.selenium.SessionNotCreatedException" message="session not created: This version of ChromeDriver only supports Chrome version 112
Current browser version is 114.0.5735.199 with binary path C:\Program Files\Google\Chrome\Application\chrome.exe
Build info: version: &amp;apos;3.141.59&amp;apos;, revision: &amp;apos;e82be7d358&amp;apos;, time: &amp;apos;2018-11-14T08:25:53&amp;apos;
System info: host: &amp;apos;KITTU&amp;apos;, ip: &amp;apos;192.168.10.38&amp;apos;, os.name: &amp;apos;Windows 11&amp;apos;, os.arch: &amp;apos;amd64&amp;apos;, os.version: &amp;apos;10.0&amp;apos;, java.version: &amp;apos;19.0.1&amp;apos;
Driver info: driver.version: ChromeDriver
remote stacktrace: Backtrace:
	GetHandleVerifier [0x0026DCE3+50899]
	(No symbol) [0x001FE111]
	(No symbol) [0x00105588]
	(No symbol) [0x0012570C]
	(No symbol) [0x00121471]
	(No symbol) [0x0011F479]
	(No symbol) [0x00151FFE]
	(No symbol) [0x00151CEC]
	(No symbol) [0x0014B6F6]
	(No symbol) [0x00127708]
	(No symbol) [0x0012886D]
	GetHandleVerifier [0x004D3EAE+2566302]
	GetHandleVerifier [0x005092B1+2784417]
	GetHandleVerifier [0x0050327C+2759788]
	GetHandleVerifier [0x00305740+672048]
	(No symbol) [0x00208872]
	(No symbol) [0x002041C8]
	(No symbol) [0x002042AB]
	(No symbol) [0x001F71B7]
	BaseThreadInitThunk [0x768C7D59+25]
	RtlInitializeExceptionChain [0x773BB74B+107]
	RtlClearBits [0x773BB6CF+191]
	(No symbol) [0x00000000]
">
      <![CDATA[org.openqa.selenium.SessionNotCreatedException: session not created: This version of ChromeDriver only supports Chrome version 112
Current browser version is 114.0.5735.199 with binary path C:\Program Files\Google\Chrome\Application\chrome.exe
Build info: version: '3.141.59', revision: 'e82be7d358', time: '2018-11-14T08:25:53'
System info: host: 'KITTU', ip: '192.168.10.38', os.name: 'Windows 11', os.arch: 'amd64', os.version: '10.0', java.version: '19.0.1'
Driver info: driver.version: ChromeDriver
remote stacktrace: Backtrace:
GetHandleVerifier [0x0026DCE3+50899]
(No symbol) [0x001FE111]
(No symbol) [0x00105588]
(No symbol) [0x0012570C]
(No symbol) [0x00121471]
(No symbol) [0x0011F479]
(No symbol) [0x00151FFE]
(No symbol) [0x00151CEC]
(No symbol) [0x0014B6F6]
(No symbol) [0x00127708]
(No symbol) [0x0012886D]
GetHandleVerifier [0x004D3EAE+2566302]
GetHandleVerifier [0x005092B1+2784417]
GetHandleVerifier [0x0050327C+2759788]
GetHandleVerifier [0x00305740+672048]
(No symbol) [0x00208872]
(No symbol) [0x002041C8]
(No symbol) [0x002042AB]
(No symbol) [0x001F71B7]
BaseThreadInitThunk [0x768C7D59+25]
RtlInitializeExceptionChain [0x773BB74B+107]
RtlClearBits [0x773BB6CF+191]
(No symbol) [0x00000000]

at org.openqa.selenium.remote.W3CHandshakeResponse.lambda$errorHandler$0(W3CHandshakeResponse.java:62)
at org.openqa.selenium.remote.HandshakeResponse.lambda$getResponseFunction$0(HandshakeResponse.java:30)
at org.openqa.selenium.remote.ProtocolHandshake.lambda$createSession$0(ProtocolHandshake.java:126)
at java.base/java.util.stream.ReferencePipeline$3$1.accept(ReferencePipeline.java:197)
at java.base/java.util.Spliterators$ArraySpliterator.tryAdvance(Spliterators.java:1016)
at java.base/java.util.stream.ReferencePipeline.forEachWithCancel(ReferencePipeline.java:129)
at java.base/java.util.stream.AbstractPipeline.copyIntoWithCancel(AbstractPipeline.java:527)
at java.base/java.util.stream.AbstractPipeline.copyInto(AbstractPipeline.java:513)
at java.base/java.util.stream.AbstractPipeline.wrapAndCopyInto(AbstractPipeline.java:499)
at java.base/java.util.stream.FindOps$FindOp.evaluateSequential(FindOps.java:150)
at java.base/java.util.stream.AbstractPipeline.evaluate(AbstractPipeline.java:234)
at java.base/java.util.stream.ReferencePipeline.findFirst(ReferencePipeline.java:647)
at org.openqa.selenium.remote.ProtocolHandshake.createSession(ProtocolHandshake.java:128)
at org.openqa.selenium.remote.ProtocolHandshake.createSession(ProtocolHandshake.java:74)
at org.openqa.selenium.remote.HttpCommandExecutor.execute(HttpCommandExecutor.java:136)
at org.openqa.selenium.remote.service.DriverCommandExecutor.execute(DriverCommandExecutor.java:83)
at org.openqa.selenium.remote.RemoteWebDriver.execute(RemoteWebDriver.java:552)
at org.openqa.selenium.remote.RemoteWebDriver.startSession(RemoteWebDriver.java:213)
at org.openqa.selenium.remote.RemoteWebDriver.<init>(RemoteWebDriver.java:131)
at org.openqa.selenium.chrome.ChromeDriver.<init>(ChromeDriver.java:181)
at org.openqa.selenium.chrome.ChromeDriver.<init>(ChromeDriver.java:168)
at org.openqa.selenium.chrome.ChromeDriver.<init>(ChromeDriver.java:123)
at SignIn.TC_002_Password.Start(TC_002_Password.java:19)
... Removed 25 stack frames]]>
    </failure>
  </testcase> <!-- @BeforeTest Start -->
  <testcase classname="SignIn.TC_003_Clicking_ForgotPassword" name="@BeforeTest Start" time="-1.688532997603E9">
    <skipped/>
  </testcase> <!-- @BeforeTest Start -->
  <testcase classname="SignIn.TC_004_Clicking_RememberMe" name="@BeforeTest Start" time="-1.688532997604E9">
    <skipped/>
  </testcase> <!-- @BeforeTest Start -->
  <testcase classname="SignIn.TC_001_Email" name="@AfterTest End" time="-1.688532997659E9">
    <skipped/>
  </testcase> <!-- @AfterTest End -->
  <testcase classname="SignIn.TC_002_Password" name="@AfterTest End" time="-1.688532997661E9">
    <skipped/>
  </testcase> <!-- @AfterTest End -->
  <testcase classname="SignIn.TC_003_Clicking_ForgotPassword" name="@AfterTest End" time="-1.688532997663E9">
    <skipped/>
  </testcase> <!-- @AfterTest End -->
  <testcase classname="SignIn.TC_004_Clicking_RememberMe" name="@AfterTest End" time="-1.688532997664E9">
    <skipped/>
  </testcase> <!-- @AfterTest End -->
  <testcase classname="SignIn.TC_001_Email" name="run" time="0.0">
    <skipped/>
  </testcase> <!-- run -->
  <testcase classname="SignIn.TC_002_Password" name="run" time="0.0">
    <skipped/>
  </testcase> <!-- run -->
  <testcase classname="SignIn.TC_003_Clicking_ForgotPassword" name="run" time="0.0">
    <skipped/>
  </testcase> <!-- run -->
  <testcase classname="SignIn.TC_004_Clicking_RememberMe" name="run" time="0.0">
    <skipped/>
  </testcase> <!-- run -->
</testsuite> <!-- Test -->
