<?xml version="1.0" encoding="UTF-8"?>
<testng-results ignored="0" total="4" passed="0" failed="0" skipped="4">
  <reporter-output>
  </reporter-output>
  <suite started-at="2023-07-05T10:26:28 IST" name="Suite" finished-at="2023-07-05T10:26:37 IST" duration-ms="9244">
    <groups>
    </groups>
    <test started-at="2023-07-05T10:26:28 IST" name="Test" finished-at="2023-07-05T10:26:37 IST" duration-ms="9244">
      <class name="SignIn.TC_003_Clicking_ForgotPassword">
        <test-method is-config="true" signature="Start()[pri:0, instance:SignIn.TC_003_Clicking_ForgotPassword@78b66d36]" started-at="2023-07-05T10:26:37 IST" name="Start" finished-at="1970-01-01T05:30:00 IST" duration-ms="-1688532997603" status="SKIP">
          <reporter-output>
          </reporter-output>
        </test-method> <!-- Start -->
        <test-method signature="run()[pri:3, instance:SignIn.TC_003_Clicking_ForgotPassword@78b66d36]" started-at="2023-07-05T10:26:37 IST" name="run" finished-at="2023-07-05T10:26:37 IST" duration-ms="0" status="SKIP">
          <exception class="org.openqa.selenium.SessionNotCreatedException">
            <message>
              <![CDATA[session not created: This version of ChromeDriver only supports Chrome version 112
Current browser version is 114.0.5735.199 with binary path C:\Program Files\Google\Chrome\Application\chrome.exe
Build info: version: '3.141.59', revision: 'e82be7d358', time: '2018-11-14T08:25:53'
System info: host: 'KITTU', ip: '192.168.10.38', os.name: 'Windows 11', os.arch: 'amd64', os.version: '10.0', java.version: '19.0.1'
Driver info: driver.version: ChromeDriver
remote stacktrace: Backtrace:
GetHandleVerifier [0x0026DCE3+50899]
(No symbol) [0x001FE111]
(No symbol) [0x00105588]
(No symbol) [0x0012570C]
(No symbol) [0x00121471]
(No symbol) [0x0011F479]
(No symbol) [0x00151FFE]
(No symbol) [0x00151CEC]
(No symbol) [0x0014B6F6]
(No symbol) [0x00127708]
(No symbol) [0x0012886D]
GetHandleVerifier [0x004D3EAE+2566302]
GetHandleVerifier [0x005092B1+2784417]
GetHandleVerifier [0x0050327C+2759788]
GetHandleVerifier [0x00305740+672048]
(No symbol) [0x00208872]
(No symbol) [0x002041C8]
(No symbol) [0x002042AB]
(No symbol) [0x001F71B7]
BaseThreadInitThunk [0x768C7D59+25]
RtlInitializeExceptionChain [0x773BB74B+107]
RtlClearBits [0x773BB6CF+191]
(No symbol) [0x00000000]
]]>
            </message>
            <full-stacktrace>
              <![CDATA[org.openqa.selenium.SessionNotCreatedException: session not created: This version of ChromeDriver only supports Chrome version 112
Current browser version is 114.0.5735.199 with binary path C:\Program Files\Google\Chrome\Application\chrome.exe
Build info: version: '3.141.59', revision: 'e82be7d358', time: '2018-11-14T08:25:53'
System info: host: 'KITTU', ip: '192.168.10.38', os.name: 'Windows 11', os.arch: 'amd64', os.version: '10.0', java.version: '19.0.1'
Driver info: driver.version: ChromeDriver
remote stacktrace: Backtrace:
GetHandleVerifier [0x0026DCE3+50899]
(No symbol) [0x001FE111]
(No symbol) [0x00105588]
(No symbol) [0x0012570C]
(No symbol) [0x00121471]
(No symbol) [0x0011F479]
(No symbol) [0x00151FFE]
(No symbol) [0x00151CEC]
(No symbol) [0x0014B6F6]
(No symbol) [0x00127708]
(No symbol) [0x0012886D]
GetHandleVerifier [0x004D3EAE+2566302]
GetHandleVerifier [0x005092B1+2784417]
GetHandleVerifier [0x0050327C+2759788]
GetHandleVerifier [0x00305740+672048]
(No symbol) [0x00208872]
(No symbol) [0x002041C8]
(No symbol) [0x002042AB]
(No symbol) [0x001F71B7]
BaseThreadInitThunk [0x768C7D59+25]
RtlInitializeExceptionChain [0x773BB74B+107]
RtlClearBits [0x773BB6CF+191]
(No symbol) [0x00000000]

at java.base/jdk.internal.reflect.DirectConstructorHandleAccessor.newInstance(DirectConstructorHandleAccessor.java:67)
at java.base/java.lang.reflect.Constructor.newInstanceWithCaller(Constructor.java:500)
at java.base/java.lang.reflect.Constructor.newInstance(Constructor.java:484)
at org.openqa.selenium.remote.W3CHandshakeResponse.lambda$errorHandler$0(W3CHandshakeResponse.java:62)
at org.openqa.selenium.remote.HandshakeResponse.lambda$getResponseFunction$0(HandshakeResponse.java:30)
at org.openqa.selenium.remote.ProtocolHandshake.lambda$createSession$0(ProtocolHandshake.java:126)
at java.base/java.util.stream.ReferencePipeline$3$1.accept(ReferencePipeline.java:197)
at java.base/java.util.Spliterators$ArraySpliterator.tryAdvance(Spliterators.java:1016)
at java.base/java.util.stream.ReferencePipeline.forEachWithCancel(ReferencePipeline.java:129)
at java.base/java.util.stream.AbstractPipeline.copyIntoWithCancel(AbstractPipeline.java:527)
at java.base/java.util.stream.AbstractPipeline.copyInto(AbstractPipeline.java:513)
at java.base/java.util.stream.AbstractPipeline.wrapAndCopyInto(AbstractPipeline.java:499)
at java.base/java.util.stream.FindOps$FindOp.evaluateSequential(FindOps.java:150)
at java.base/java.util.stream.AbstractPipeline.evaluate(AbstractPipeline.java:234)
at java.base/java.util.stream.ReferencePipeline.findFirst(ReferencePipeline.java:647)
at org.openqa.selenium.remote.ProtocolHandshake.createSession(ProtocolHandshake.java:128)
at org.openqa.selenium.remote.ProtocolHandshake.createSession(ProtocolHandshake.java:74)
at org.openqa.selenium.remote.HttpCommandExecutor.execute(HttpCommandExecutor.java:136)
at org.openqa.selenium.remote.service.DriverCommandExecutor.execute(DriverCommandExecutor.java:83)
at org.openqa.selenium.remote.RemoteWebDriver.execute(RemoteWebDriver.java:552)
at org.openqa.selenium.remote.RemoteWebDriver.startSession(RemoteWebDriver.java:213)
at org.openqa.selenium.remote.RemoteWebDriver.<init>(RemoteWebDriver.java:131)
at org.openqa.selenium.chrome.ChromeDriver.<init>(ChromeDriver.java:181)
at org.openqa.selenium.chrome.ChromeDriver.<init>(ChromeDriver.java:168)
at org.openqa.selenium.chrome.ChromeDriver.<init>(ChromeDriver.java:123)
at SignIn.TC_002_Password.Start(TC_002_Password.java:19)
at java.base/jdk.internal.reflect.DirectMethodHandleAccessor.invoke(DirectMethodHandleAccessor.java:104)
at java.base/java.lang.reflect.Method.invoke(Method.java:578)
at org.testng.internal.MethodInvocationHelper.invokeMethod(MethodInvocationHelper.java:133)
at org.testng.internal.MethodInvocationHelper.invokeMethodConsideringTimeout(MethodInvocationHelper.java:62)
at org.testng.internal.ConfigInvoker.invokeConfigurationMethod(ConfigInvoker.java:385)
at org.testng.internal.ConfigInvoker.invokeConfigurations(ConfigInvoker.java:321)
at org.testng.TestRunner.invokeTestConfigurations(TestRunner.java:637)
at org.testng.TestRunner.beforeRun(TestRunner.java:627)
at org.testng.TestRunner.run(TestRunner.java:589)
at org.testng.SuiteRunner.runTest(SuiteRunner.java:377)
at org.testng.SuiteRunner.runSequentially(SuiteRunner.java:371)
at org.testng.SuiteRunner.privateRun(SuiteRunner.java:332)
at org.testng.SuiteRunner.run(SuiteRunner.java:276)
at org.testng.SuiteRunnerWorker.runSuite(SuiteRunnerWorker.java:53)
at org.testng.SuiteRunnerWorker.run(SuiteRunnerWorker.java:96)
at org.testng.TestNG.runSuitesSequentially(TestNG.java:1212)
at org.testng.TestNG.runSuitesLocally(TestNG.java:1134)
at org.testng.TestNG.runSuites(TestNG.java:1063)
at org.testng.TestNG.run(TestNG.java:1031)
at org.testng.remote.AbstractRemoteTestNG.run(AbstractRemoteTestNG.java:115)
at org.testng.remote.RemoteTestNG.initAndRun(RemoteTestNG.java:251)
at org.testng.remote.RemoteTestNG.main(RemoteTestNG.java:77)
]]>
            </full-stacktrace>
          </exception> <!-- org.openqa.selenium.SessionNotCreatedException -->
          <reporter-output>
          </reporter-output>
        </test-method> <!-- run -->
        <test-method is-config="true" signature="End()[pri:0, instance:SignIn.TC_003_Clicking_ForgotPassword@78b66d36]" started-at="2023-07-05T10:26:37 IST" name="End" finished-at="1970-01-01T05:30:00 IST" duration-ms="-1688532997663" status="SKIP">
          <reporter-output>
          </reporter-output>
        </test-method> <!-- End -->
      </class> <!-- SignIn.TC_003_Clicking_ForgotPassword -->
      <class name="SignIn.TC_002_Password">
        <test-method is-config="true" signature="Start()[pri:0, instance:SignIn.TC_002_Password@7ce3cb8e]" started-at="2023-07-05T10:26:36 IST" name="Start" finished-at="2023-07-05T10:26:37 IST" duration-ms="776" status="FAIL">
          <exception class="org.openqa.selenium.SessionNotCreatedException">
            <message>
              <![CDATA[session not created: This version of ChromeDriver only supports Chrome version 112
Current browser version is 114.0.5735.199 with binary path C:\Program Files\Google\Chrome\Application\chrome.exe
Build info: version: '3.141.59', revision: 'e82be7d358', time: '2018-11-14T08:25:53'
System info: host: 'KITTU', ip: '192.168.10.38', os.name: 'Windows 11', os.arch: 'amd64', os.version: '10.0', java.version: '19.0.1'
Driver info: driver.version: ChromeDriver
remote stacktrace: Backtrace:
GetHandleVerifier [0x0026DCE3+50899]
(No symbol) [0x001FE111]
(No symbol) [0x00105588]
(No symbol) [0x0012570C]
(No symbol) [0x00121471]
(No symbol) [0x0011F479]
(No symbol) [0x00151FFE]
(No symbol) [0x00151CEC]
(No symbol) [0x0014B6F6]
(No symbol) [0x00127708]
(No symbol) [0x0012886D]
GetHandleVerifier [0x004D3EAE+2566302]
GetHandleVerifier [0x005092B1+2784417]
GetHandleVerifier [0x0050327C+2759788]
GetHandleVerifier [0x00305740+672048]
(No symbol) [0x00208872]
(No symbol) [0x002041C8]
(No symbol) [0x002042AB]
(No symbol) [0x001F71B7]
BaseThreadInitThunk [0x768C7D59+25]
RtlInitializeExceptionChain [0x773BB74B+107]
RtlClearBits [0x773BB6CF+191]
(No symbol) [0x00000000]
]]>
            </message>
            <full-stacktrace>
              <![CDATA[org.openqa.selenium.SessionNotCreatedException: session not created: This version of ChromeDriver only supports Chrome version 112
Current browser version is 114.0.5735.199 with binary path C:\Program Files\Google\Chrome\Application\chrome.exe
Build info: version: '3.141.59', revision: 'e82be7d358', time: '2018-11-14T08:25:53'
System info: host: 'KITTU', ip: '192.168.10.38', os.name: 'Windows 11', os.arch: 'amd64', os.version: '10.0', java.version: '19.0.1'
Driver info: driver.version: ChromeDriver
remote stacktrace: Backtrace:
GetHandleVerifier [0x0026DCE3+50899]
(No symbol) [0x001FE111]
(No symbol) [0x00105588]
(No symbol) [0x0012570C]
(No symbol) [0x00121471]
(No symbol) [0x0011F479]
(No symbol) [0x00151FFE]
(No symbol) [0x00151CEC]
(No symbol) [0x0014B6F6]
(No symbol) [0x00127708]
(No symbol) [0x0012886D]
GetHandleVerifier [0x004D3EAE+2566302]
GetHandleVerifier [0x005092B1+2784417]
GetHandleVerifier [0x0050327C+2759788]
GetHandleVerifier [0x00305740+672048]
(No symbol) [0x00208872]
(No symbol) [0x002041C8]
(No symbol) [0x002042AB]
(No symbol) [0x001F71B7]
BaseThreadInitThunk [0x768C7D59+25]
RtlInitializeExceptionChain [0x773BB74B+107]
RtlClearBits [0x773BB6CF+191]
(No symbol) [0x00000000]

at java.base/jdk.internal.reflect.DirectConstructorHandleAccessor.newInstance(DirectConstructorHandleAccessor.java:67)
at java.base/java.lang.reflect.Constructor.newInstanceWithCaller(Constructor.java:500)
at java.base/java.lang.reflect.Constructor.newInstance(Constructor.java:484)
at org.openqa.selenium.remote.W3CHandshakeResponse.lambda$errorHandler$0(W3CHandshakeResponse.java:62)
at org.openqa.selenium.remote.HandshakeResponse.lambda$getResponseFunction$0(HandshakeResponse.java:30)
at org.openqa.selenium.remote.ProtocolHandshake.lambda$createSession$0(ProtocolHandshake.java:126)
at java.base/java.util.stream.ReferencePipeline$3$1.accept(ReferencePipeline.java:197)
at java.base/java.util.Spliterators$ArraySpliterator.tryAdvance(Spliterators.java:1016)
at java.base/java.util.stream.ReferencePipeline.forEachWithCancel(ReferencePipeline.java:129)
at java.base/java.util.stream.AbstractPipeline.copyIntoWithCancel(AbstractPipeline.java:527)
at java.base/java.util.stream.AbstractPipeline.copyInto(AbstractPipeline.java:513)
at java.base/java.util.stream.AbstractPipeline.wrapAndCopyInto(AbstractPipeline.java:499)
at java.base/java.util.stream.FindOps$FindOp.evaluateSequential(FindOps.java:150)
at java.base/java.util.stream.AbstractPipeline.evaluate(AbstractPipeline.java:234)
at java.base/java.util.stream.ReferencePipeline.findFirst(ReferencePipeline.java:647)
at org.openqa.selenium.remote.ProtocolHandshake.createSession(ProtocolHandshake.java:128)
at org.openqa.selenium.remote.ProtocolHandshake.createSession(ProtocolHandshake.java:74)
at org.openqa.selenium.remote.HttpCommandExecutor.execute(HttpCommandExecutor.java:136)
at org.openqa.selenium.remote.service.DriverCommandExecutor.execute(DriverCommandExecutor.java:83)
at org.openqa.selenium.remote.RemoteWebDriver.execute(RemoteWebDriver.java:552)
at org.openqa.selenium.remote.RemoteWebDriver.startSession(RemoteWebDriver.java:213)
at org.openqa.selenium.remote.RemoteWebDriver.<init>(RemoteWebDriver.java:131)
at org.openqa.selenium.chrome.ChromeDriver.<init>(ChromeDriver.java:181)
at org.openqa.selenium.chrome.ChromeDriver.<init>(ChromeDriver.java:168)
at org.openqa.selenium.chrome.ChromeDriver.<init>(ChromeDriver.java:123)
at SignIn.TC_002_Password.Start(TC_002_Password.java:19)
at java.base/jdk.internal.reflect.DirectMethodHandleAccessor.invoke(DirectMethodHandleAccessor.java:104)
at java.base/java.lang.reflect.Method.invoke(Method.java:578)
at org.testng.internal.MethodInvocationHelper.invokeMethod(MethodInvocationHelper.java:133)
at org.testng.internal.MethodInvocationHelper.invokeMethodConsideringTimeout(MethodInvocationHelper.java:62)
at org.testng.internal.ConfigInvoker.invokeConfigurationMethod(ConfigInvoker.java:385)
at org.testng.internal.ConfigInvoker.invokeConfigurations(ConfigInvoker.java:321)
at org.testng.TestRunner.invokeTestConfigurations(TestRunner.java:637)
at org.testng.TestRunner.beforeRun(TestRunner.java:627)
at org.testng.TestRunner.run(TestRunner.java:589)
at org.testng.SuiteRunner.runTest(SuiteRunner.java:377)
at org.testng.SuiteRunner.runSequentially(SuiteRunner.java:371)
at org.testng.SuiteRunner.privateRun(SuiteRunner.java:332)
at org.testng.SuiteRunner.run(SuiteRunner.java:276)
at org.testng.SuiteRunnerWorker.runSuite(SuiteRunnerWorker.java:53)
at org.testng.SuiteRunnerWorker.run(SuiteRunnerWorker.java:96)
at org.testng.TestNG.runSuitesSequentially(TestNG.java:1212)
at org.testng.TestNG.runSuitesLocally(TestNG.java:1134)
at org.testng.TestNG.runSuites(TestNG.java:1063)
at org.testng.TestNG.run(TestNG.java:1031)
at org.testng.remote.AbstractRemoteTestNG.run(AbstractRemoteTestNG.java:115)
at org.testng.remote.RemoteTestNG.initAndRun(RemoteTestNG.java:251)
at org.testng.remote.RemoteTestNG.main(RemoteTestNG.java:77)
]]>
            </full-stacktrace>
          </exception> <!-- org.openqa.selenium.SessionNotCreatedException -->
          <reporter-output>
          </reporter-output>
        </test-method> <!-- Start -->
        <test-method signature="run()[pri:2, instance:SignIn.TC_002_Password@7ce3cb8e]" started-at="2023-07-05T10:26:37 IST" name="run" finished-at="2023-07-05T10:26:37 IST" duration-ms="0" status="SKIP">
          <exception class="org.openqa.selenium.SessionNotCreatedException">
            <message>
              <![CDATA[session not created: This version of ChromeDriver only supports Chrome version 112
Current browser version is 114.0.5735.199 with binary path C:\Program Files\Google\Chrome\Application\chrome.exe
Build info: version: '3.141.59', revision: 'e82be7d358', time: '2018-11-14T08:25:53'
System info: host: 'KITTU', ip: '192.168.10.38', os.name: 'Windows 11', os.arch: 'amd64', os.version: '10.0', java.version: '19.0.1'
Driver info: driver.version: ChromeDriver
remote stacktrace: Backtrace:
GetHandleVerifier [0x0026DCE3+50899]
(No symbol) [0x001FE111]
(No symbol) [0x00105588]
(No symbol) [0x0012570C]
(No symbol) [0x00121471]
(No symbol) [0x0011F479]
(No symbol) [0x00151FFE]
(No symbol) [0x00151CEC]
(No symbol) [0x0014B6F6]
(No symbol) [0x00127708]
(No symbol) [0x0012886D]
GetHandleVerifier [0x004D3EAE+2566302]
GetHandleVerifier [0x005092B1+2784417]
GetHandleVerifier [0x0050327C+2759788]
GetHandleVerifier [0x00305740+672048]
(No symbol) [0x00208872]
(No symbol) [0x002041C8]
(No symbol) [0x002042AB]
(No symbol) [0x001F71B7]
BaseThreadInitThunk [0x768C7D59+25]
RtlInitializeExceptionChain [0x773BB74B+107]
RtlClearBits [0x773BB6CF+191]
(No symbol) [0x00000000]
]]>
            </message>
            <full-stacktrace>
              <![CDATA[org.openqa.selenium.SessionNotCreatedException: session not created: This version of ChromeDriver only supports Chrome version 112
Current browser version is 114.0.5735.199 with binary path C:\Program Files\Google\Chrome\Application\chrome.exe
Build info: version: '3.141.59', revision: 'e82be7d358', time: '2018-11-14T08:25:53'
System info: host: 'KITTU', ip: '192.168.10.38', os.name: 'Windows 11', os.arch: 'amd64', os.version: '10.0', java.version: '19.0.1'
Driver info: driver.version: ChromeDriver
remote stacktrace: Backtrace:
GetHandleVerifier [0x0026DCE3+50899]
(No symbol) [0x001FE111]
(No symbol) [0x00105588]
(No symbol) [0x0012570C]
(No symbol) [0x00121471]
(No symbol) [0x0011F479]
(No symbol) [0x00151FFE]
(No symbol) [0x00151CEC]
(No symbol) [0x0014B6F6]
(No symbol) [0x00127708]
(No symbol) [0x0012886D]
GetHandleVerifier [0x004D3EAE+2566302]
GetHandleVerifier [0x005092B1+2784417]
GetHandleVerifier [0x0050327C+2759788]
GetHandleVerifier [0x00305740+672048]
(No symbol) [0x00208872]
(No symbol) [0x002041C8]
(No symbol) [0x002042AB]
(No symbol) [0x001F71B7]
BaseThreadInitThunk [0x768C7D59+25]
RtlInitializeExceptionChain [0x773BB74B+107]
RtlClearBits [0x773BB6CF+191]
(No symbol) [0x00000000]

at java.base/jdk.internal.reflect.DirectConstructorHandleAccessor.newInstance(DirectConstructorHandleAccessor.java:67)
at java.base/java.lang.reflect.Constructor.newInstanceWithCaller(Constructor.java:500)
at java.base/java.lang.reflect.Constructor.newInstance(Constructor.java:484)
at org.openqa.selenium.remote.W3CHandshakeResponse.lambda$errorHandler$0(W3CHandshakeResponse.java:62)
at org.openqa.selenium.remote.HandshakeResponse.lambda$getResponseFunction$0(HandshakeResponse.java:30)
at org.openqa.selenium.remote.ProtocolHandshake.lambda$createSession$0(ProtocolHandshake.java:126)
at java.base/java.util.stream.ReferencePipeline$3$1.accept(ReferencePipeline.java:197)
at java.base/java.util.Spliterators$ArraySpliterator.tryAdvance(Spliterators.java:1016)
at java.base/java.util.stream.ReferencePipeline.forEachWithCancel(ReferencePipeline.java:129)
at java.base/java.util.stream.AbstractPipeline.copyIntoWithCancel(AbstractPipeline.java:527)
at java.base/java.util.stream.AbstractPipeline.copyInto(AbstractPipeline.java:513)
at java.base/java.util.stream.AbstractPipeline.wrapAndCopyInto(AbstractPipeline.java:499)
at java.base/java.util.stream.FindOps$FindOp.evaluateSequential(FindOps.java:150)
at java.base/java.util.stream.AbstractPipeline.evaluate(AbstractPipeline.java:234)
at java.base/java.util.stream.ReferencePipeline.findFirst(ReferencePipeline.java:647)
at org.openqa.selenium.remote.ProtocolHandshake.createSession(ProtocolHandshake.java:128)
at org.openqa.selenium.remote.ProtocolHandshake.createSession(ProtocolHandshake.java:74)
at org.openqa.selenium.remote.HttpCommandExecutor.execute(HttpCommandExecutor.java:136)
at org.openqa.selenium.remote.service.DriverCommandExecutor.execute(DriverCommandExecutor.java:83)
at org.openqa.selenium.remote.RemoteWebDriver.execute(RemoteWebDriver.java:552)
at org.openqa.selenium.remote.RemoteWebDriver.startSession(RemoteWebDriver.java:213)
at org.openqa.selenium.remote.RemoteWebDriver.<init>(RemoteWebDriver.java:131)
at org.openqa.selenium.chrome.ChromeDriver.<init>(ChromeDriver.java:181)
at org.openqa.selenium.chrome.ChromeDriver.<init>(ChromeDriver.java:168)
at org.openqa.selenium.chrome.ChromeDriver.<init>(ChromeDriver.java:123)
at SignIn.TC_002_Password.Start(TC_002_Password.java:19)
at java.base/jdk.internal.reflect.DirectMethodHandleAccessor.invoke(DirectMethodHandleAccessor.java:104)
at java.base/java.lang.reflect.Method.invoke(Method.java:578)
at org.testng.internal.MethodInvocationHelper.invokeMethod(MethodInvocationHelper.java:133)
at org.testng.internal.MethodInvocationHelper.invokeMethodConsideringTimeout(MethodInvocationHelper.java:62)
at org.testng.internal.ConfigInvoker.invokeConfigurationMethod(ConfigInvoker.java:385)
at org.testng.internal.ConfigInvoker.invokeConfigurations(ConfigInvoker.java:321)
at org.testng.TestRunner.invokeTestConfigurations(TestRunner.java:637)
at org.testng.TestRunner.beforeRun(TestRunner.java:627)
at org.testng.TestRunner.run(TestRunner.java:589)
at org.testng.SuiteRunner.runTest(SuiteRunner.java:377)
at org.testng.SuiteRunner.runSequentially(SuiteRunner.java:371)
at org.testng.SuiteRunner.privateRun(SuiteRunner.java:332)
at org.testng.SuiteRunner.run(SuiteRunner.java:276)
at org.testng.SuiteRunnerWorker.runSuite(SuiteRunnerWorker.java:53)
at org.testng.SuiteRunnerWorker.run(SuiteRunnerWorker.java:96)
at org.testng.TestNG.runSuitesSequentially(TestNG.java:1212)
at org.testng.TestNG.runSuitesLocally(TestNG.java:1134)
at org.testng.TestNG.runSuites(TestNG.java:1063)
at org.testng.TestNG.run(TestNG.java:1031)
at org.testng.remote.AbstractRemoteTestNG.run(AbstractRemoteTestNG.java:115)
at org.testng.remote.RemoteTestNG.initAndRun(RemoteTestNG.java:251)
at org.testng.remote.RemoteTestNG.main(RemoteTestNG.java:77)
]]>
            </full-stacktrace>
          </exception> <!-- org.openqa.selenium.SessionNotCreatedException -->
          <reporter-output>
          </reporter-output>
        </test-method> <!-- run -->
        <test-method is-config="true" signature="End()[pri:0, instance:SignIn.TC_002_Password@7ce3cb8e]" started-at="2023-07-05T10:26:37 IST" name="End" finished-at="1970-01-01T05:30:00 IST" duration-ms="-1688532997661" status="SKIP">
          <reporter-output>
          </reporter-output>
        </test-method> <!-- End -->
      </class> <!-- SignIn.TC_002_Password -->
      <class name="SignIn.TC_001_Email">
        <test-method is-config="true" signature="Start()[pri:0, instance:SignIn.TC_001_Email@2f7c2f4f]" started-at="2023-07-05T10:26:28 IST" name="Start" finished-at="2023-07-05T10:26:36 IST" duration-ms="8386" status="PASS">
          <reporter-output>
          </reporter-output>
        </test-method> <!-- Start -->
        <test-method signature="run()[pri:1, instance:SignIn.TC_001_Email@2f7c2f4f]" started-at="2023-07-05T10:26:37 IST" name="run" finished-at="2023-07-05T10:26:37 IST" duration-ms="0" status="SKIP">
          <exception class="org.openqa.selenium.SessionNotCreatedException">
            <message>
              <![CDATA[session not created: This version of ChromeDriver only supports Chrome version 112
Current browser version is 114.0.5735.199 with binary path C:\Program Files\Google\Chrome\Application\chrome.exe
Build info: version: '3.141.59', revision: 'e82be7d358', time: '2018-11-14T08:25:53'
System info: host: 'KITTU', ip: '192.168.10.38', os.name: 'Windows 11', os.arch: 'amd64', os.version: '10.0', java.version: '19.0.1'
Driver info: driver.version: ChromeDriver
remote stacktrace: Backtrace:
GetHandleVerifier [0x0026DCE3+50899]
(No symbol) [0x001FE111]
(No symbol) [0x00105588]
(No symbol) [0x0012570C]
(No symbol) [0x00121471]
(No symbol) [0x0011F479]
(No symbol) [0x00151FFE]
(No symbol) [0x00151CEC]
(No symbol) [0x0014B6F6]
(No symbol) [0x00127708]
(No symbol) [0x0012886D]
GetHandleVerifier [0x004D3EAE+2566302]
GetHandleVerifier [0x005092B1+2784417]
GetHandleVerifier [0x0050327C+2759788]
GetHandleVerifier [0x00305740+672048]
(No symbol) [0x00208872]
(No symbol) [0x002041C8]
(No symbol) [0x002042AB]
(No symbol) [0x001F71B7]
BaseThreadInitThunk [0x768C7D59+25]
RtlInitializeExceptionChain [0x773BB74B+107]
RtlClearBits [0x773BB6CF+191]
(No symbol) [0x00000000]
]]>
            </message>
            <full-stacktrace>
              <![CDATA[org.openqa.selenium.SessionNotCreatedException: session not created: This version of ChromeDriver only supports Chrome version 112
Current browser version is 114.0.5735.199 with binary path C:\Program Files\Google\Chrome\Application\chrome.exe
Build info: version: '3.141.59', revision: 'e82be7d358', time: '2018-11-14T08:25:53'
System info: host: 'KITTU', ip: '192.168.10.38', os.name: 'Windows 11', os.arch: 'amd64', os.version: '10.0', java.version: '19.0.1'
Driver info: driver.version: ChromeDriver
remote stacktrace: Backtrace:
GetHandleVerifier [0x0026DCE3+50899]
(No symbol) [0x001FE111]
(No symbol) [0x00105588]
(No symbol) [0x0012570C]
(No symbol) [0x00121471]
(No symbol) [0x0011F479]
(No symbol) [0x00151FFE]
(No symbol) [0x00151CEC]
(No symbol) [0x0014B6F6]
(No symbol) [0x00127708]
(No symbol) [0x0012886D]
GetHandleVerifier [0x004D3EAE+2566302]
GetHandleVerifier [0x005092B1+2784417]
GetHandleVerifier [0x0050327C+2759788]
GetHandleVerifier [0x00305740+672048]
(No symbol) [0x00208872]
(No symbol) [0x002041C8]
(No symbol) [0x002042AB]
(No symbol) [0x001F71B7]
BaseThreadInitThunk [0x768C7D59+25]
RtlInitializeExceptionChain [0x773BB74B+107]
RtlClearBits [0x773BB6CF+191]
(No symbol) [0x00000000]

at java.base/jdk.internal.reflect.DirectConstructorHandleAccessor.newInstance(DirectConstructorHandleAccessor.java:67)
at java.base/java.lang.reflect.Constructor.newInstanceWithCaller(Constructor.java:500)
at java.base/java.lang.reflect.Constructor.newInstance(Constructor.java:484)
at org.openqa.selenium.remote.W3CHandshakeResponse.lambda$errorHandler$0(W3CHandshakeResponse.java:62)
at org.openqa.selenium.remote.HandshakeResponse.lambda$getResponseFunction$0(HandshakeResponse.java:30)
at org.openqa.selenium.remote.ProtocolHandshake.lambda$createSession$0(ProtocolHandshake.java:126)
at java.base/java.util.stream.ReferencePipeline$3$1.accept(ReferencePipeline.java:197)
at java.base/java.util.Spliterators$ArraySpliterator.tryAdvance(Spliterators.java:1016)
at java.base/java.util.stream.ReferencePipeline.forEachWithCancel(ReferencePipeline.java:129)
at java.base/java.util.stream.AbstractPipeline.copyIntoWithCancel(AbstractPipeline.java:527)
at java.base/java.util.stream.AbstractPipeline.copyInto(AbstractPipeline.java:513)
at java.base/java.util.stream.AbstractPipeline.wrapAndCopyInto(AbstractPipeline.java:499)
at java.base/java.util.stream.FindOps$FindOp.evaluateSequential(FindOps.java:150)
at java.base/java.util.stream.AbstractPipeline.evaluate(AbstractPipeline.java:234)
at java.base/java.util.stream.ReferencePipeline.findFirst(ReferencePipeline.java:647)
at org.openqa.selenium.remote.ProtocolHandshake.createSession(ProtocolHandshake.java:128)
at org.openqa.selenium.remote.ProtocolHandshake.createSession(ProtocolHandshake.java:74)
at org.openqa.selenium.remote.HttpCommandExecutor.execute(HttpCommandExecutor.java:136)
at org.openqa.selenium.remote.service.DriverCommandExecutor.execute(DriverCommandExecutor.java:83)
at org.openqa.selenium.remote.RemoteWebDriver.execute(RemoteWebDriver.java:552)
at org.openqa.selenium.remote.RemoteWebDriver.startSession(RemoteWebDriver.java:213)
at org.openqa.selenium.remote.RemoteWebDriver.<init>(RemoteWebDriver.java:131)
at org.openqa.selenium.chrome.ChromeDriver.<init>(ChromeDriver.java:181)
at org.openqa.selenium.chrome.ChromeDriver.<init>(ChromeDriver.java:168)
at org.openqa.selenium.chrome.ChromeDriver.<init>(ChromeDriver.java:123)
at SignIn.TC_002_Password.Start(TC_002_Password.java:19)
at java.base/jdk.internal.reflect.DirectMethodHandleAccessor.invoke(DirectMethodHandleAccessor.java:104)
at java.base/java.lang.reflect.Method.invoke(Method.java:578)
at org.testng.internal.MethodInvocationHelper.invokeMethod(MethodInvocationHelper.java:133)
at org.testng.internal.MethodInvocationHelper.invokeMethodConsideringTimeout(MethodInvocationHelper.java:62)
at org.testng.internal.ConfigInvoker.invokeConfigurationMethod(ConfigInvoker.java:385)
at org.testng.internal.ConfigInvoker.invokeConfigurations(ConfigInvoker.java:321)
at org.testng.TestRunner.invokeTestConfigurations(TestRunner.java:637)
at org.testng.TestRunner.beforeRun(TestRunner.java:627)
at org.testng.TestRunner.run(TestRunner.java:589)
at org.testng.SuiteRunner.runTest(SuiteRunner.java:377)
at org.testng.SuiteRunner.runSequentially(SuiteRunner.java:371)
at org.testng.SuiteRunner.privateRun(SuiteRunner.java:332)
at org.testng.SuiteRunner.run(SuiteRunner.java:276)
at org.testng.SuiteRunnerWorker.runSuite(SuiteRunnerWorker.java:53)
at org.testng.SuiteRunnerWorker.run(SuiteRunnerWorker.java:96)
at org.testng.TestNG.runSuitesSequentially(TestNG.java:1212)
at org.testng.TestNG.runSuitesLocally(TestNG.java:1134)
at org.testng.TestNG.runSuites(TestNG.java:1063)
at org.testng.TestNG.run(TestNG.java:1031)
at org.testng.remote.AbstractRemoteTestNG.run(AbstractRemoteTestNG.java:115)
at org.testng.remote.RemoteTestNG.initAndRun(RemoteTestNG.java:251)
at org.testng.remote.RemoteTestNG.main(RemoteTestNG.java:77)
]]>
            </full-stacktrace>
          </exception> <!-- org.openqa.selenium.SessionNotCreatedException -->
          <reporter-output>
          </reporter-output>
        </test-method> <!-- run -->
        <test-method is-config="true" signature="End()[pri:0, instance:SignIn.TC_001_Email@2f7c2f4f]" started-at="2023-07-05T10:26:37 IST" name="End" finished-at="1970-01-01T05:30:00 IST" duration-ms="-1688532997659" status="SKIP">
          <reporter-output>
          </reporter-output>
        </test-method> <!-- End -->
      </class> <!-- SignIn.TC_001_Email -->
      <class name="SignIn.TC_004_Clicking_RememberMe">
        <test-method is-config="true" signature="Start()[pri:0, instance:SignIn.TC_004_Clicking_RememberMe@5223e5ee]" started-at="2023-07-05T10:26:37 IST" name="Start" finished-at="1970-01-01T05:30:00 IST" duration-ms="-1688532997604" status="SKIP">
          <reporter-output>
          </reporter-output>
        </test-method> <!-- Start -->
        <test-method signature="run()[pri:4, instance:SignIn.TC_004_Clicking_RememberMe@5223e5ee]" started-at="2023-07-05T10:26:37 IST" name="run" finished-at="2023-07-05T10:26:37 IST" duration-ms="0" status="SKIP">
          <exception class="org.openqa.selenium.SessionNotCreatedException">
            <message>
              <![CDATA[session not created: This version of ChromeDriver only supports Chrome version 112
Current browser version is 114.0.5735.199 with binary path C:\Program Files\Google\Chrome\Application\chrome.exe
Build info: version: '3.141.59', revision: 'e82be7d358', time: '2018-11-14T08:25:53'
System info: host: 'KITTU', ip: '192.168.10.38', os.name: 'Windows 11', os.arch: 'amd64', os.version: '10.0', java.version: '19.0.1'
Driver info: driver.version: ChromeDriver
remote stacktrace: Backtrace:
GetHandleVerifier [0x0026DCE3+50899]
(No symbol) [0x001FE111]
(No symbol) [0x00105588]
(No symbol) [0x0012570C]
(No symbol) [0x00121471]
(No symbol) [0x0011F479]
(No symbol) [0x00151FFE]
(No symbol) [0x00151CEC]
(No symbol) [0x0014B6F6]
(No symbol) [0x00127708]
(No symbol) [0x0012886D]
GetHandleVerifier [0x004D3EAE+2566302]
GetHandleVerifier [0x005092B1+2784417]
GetHandleVerifier [0x0050327C+2759788]
GetHandleVerifier [0x00305740+672048]
(No symbol) [0x00208872]
(No symbol) [0x002041C8]
(No symbol) [0x002042AB]
(No symbol) [0x001F71B7]
BaseThreadInitThunk [0x768C7D59+25]
RtlInitializeExceptionChain [0x773BB74B+107]
RtlClearBits [0x773BB6CF+191]
(No symbol) [0x00000000]
]]>
            </message>
            <full-stacktrace>
              <![CDATA[org.openqa.selenium.SessionNotCreatedException: session not created: This version of ChromeDriver only supports Chrome version 112
Current browser version is 114.0.5735.199 with binary path C:\Program Files\Google\Chrome\Application\chrome.exe
Build info: version: '3.141.59', revision: 'e82be7d358', time: '2018-11-14T08:25:53'
System info: host: 'KITTU', ip: '192.168.10.38', os.name: 'Windows 11', os.arch: 'amd64', os.version: '10.0', java.version: '19.0.1'
Driver info: driver.version: ChromeDriver
remote stacktrace: Backtrace:
GetHandleVerifier [0x0026DCE3+50899]
(No symbol) [0x001FE111]
(No symbol) [0x00105588]
(No symbol) [0x0012570C]
(No symbol) [0x00121471]
(No symbol) [0x0011F479]
(No symbol) [0x00151FFE]
(No symbol) [0x00151CEC]
(No symbol) [0x0014B6F6]
(No symbol) [0x00127708]
(No symbol) [0x0012886D]
GetHandleVerifier [0x004D3EAE+2566302]
GetHandleVerifier [0x005092B1+2784417]
GetHandleVerifier [0x0050327C+2759788]
GetHandleVerifier [0x00305740+672048]
(No symbol) [0x00208872]
(No symbol) [0x002041C8]
(No symbol) [0x002042AB]
(No symbol) [0x001F71B7]
BaseThreadInitThunk [0x768C7D59+25]
RtlInitializeExceptionChain [0x773BB74B+107]
RtlClearBits [0x773BB6CF+191]
(No symbol) [0x00000000]

at java.base/jdk.internal.reflect.DirectConstructorHandleAccessor.newInstance(DirectConstructorHandleAccessor.java:67)
at java.base/java.lang.reflect.Constructor.newInstanceWithCaller(Constructor.java:500)
at java.base/java.lang.reflect.Constructor.newInstance(Constructor.java:484)
at org.openqa.selenium.remote.W3CHandshakeResponse.lambda$errorHandler$0(W3CHandshakeResponse.java:62)
at org.openqa.selenium.remote.HandshakeResponse.lambda$getResponseFunction$0(HandshakeResponse.java:30)
at org.openqa.selenium.remote.ProtocolHandshake.lambda$createSession$0(ProtocolHandshake.java:126)
at java.base/java.util.stream.ReferencePipeline$3$1.accept(ReferencePipeline.java:197)
at java.base/java.util.Spliterators$ArraySpliterator.tryAdvance(Spliterators.java:1016)
at java.base/java.util.stream.ReferencePipeline.forEachWithCancel(ReferencePipeline.java:129)
at java.base/java.util.stream.AbstractPipeline.copyIntoWithCancel(AbstractPipeline.java:527)
at java.base/java.util.stream.AbstractPipeline.copyInto(AbstractPipeline.java:513)
at java.base/java.util.stream.AbstractPipeline.wrapAndCopyInto(AbstractPipeline.java:499)
at java.base/java.util.stream.FindOps$FindOp.evaluateSequential(FindOps.java:150)
at java.base/java.util.stream.AbstractPipeline.evaluate(AbstractPipeline.java:234)
at java.base/java.util.stream.ReferencePipeline.findFirst(ReferencePipeline.java:647)
at org.openqa.selenium.remote.ProtocolHandshake.createSession(ProtocolHandshake.java:128)
at org.openqa.selenium.remote.ProtocolHandshake.createSession(ProtocolHandshake.java:74)
at org.openqa.selenium.remote.HttpCommandExecutor.execute(HttpCommandExecutor.java:136)
at org.openqa.selenium.remote.service.DriverCommandExecutor.execute(DriverCommandExecutor.java:83)
at org.openqa.selenium.remote.RemoteWebDriver.execute(RemoteWebDriver.java:552)
at org.openqa.selenium.remote.RemoteWebDriver.startSession(RemoteWebDriver.java:213)
at org.openqa.selenium.remote.RemoteWebDriver.<init>(RemoteWebDriver.java:131)
at org.openqa.selenium.chrome.ChromeDriver.<init>(ChromeDriver.java:181)
at org.openqa.selenium.chrome.ChromeDriver.<init>(ChromeDriver.java:168)
at org.openqa.selenium.chrome.ChromeDriver.<init>(ChromeDriver.java:123)
at SignIn.TC_002_Password.Start(TC_002_Password.java:19)
at java.base/jdk.internal.reflect.DirectMethodHandleAccessor.invoke(DirectMethodHandleAccessor.java:104)
at java.base/java.lang.reflect.Method.invoke(Method.java:578)
at org.testng.internal.MethodInvocationHelper.invokeMethod(MethodInvocationHelper.java:133)
at org.testng.internal.MethodInvocationHelper.invokeMethodConsideringTimeout(MethodInvocationHelper.java:62)
at org.testng.internal.ConfigInvoker.invokeConfigurationMethod(ConfigInvoker.java:385)
at org.testng.internal.ConfigInvoker.invokeConfigurations(ConfigInvoker.java:321)
at org.testng.TestRunner.invokeTestConfigurations(TestRunner.java:637)
at org.testng.TestRunner.beforeRun(TestRunner.java:627)
at org.testng.TestRunner.run(TestRunner.java:589)
at org.testng.SuiteRunner.runTest(SuiteRunner.java:377)
at org.testng.SuiteRunner.runSequentially(SuiteRunner.java:371)
at org.testng.SuiteRunner.privateRun(SuiteRunner.java:332)
at org.testng.SuiteRunner.run(SuiteRunner.java:276)
at org.testng.SuiteRunnerWorker.runSuite(SuiteRunnerWorker.java:53)
at org.testng.SuiteRunnerWorker.run(SuiteRunnerWorker.java:96)
at org.testng.TestNG.runSuitesSequentially(TestNG.java:1212)
at org.testng.TestNG.runSuitesLocally(TestNG.java:1134)
at org.testng.TestNG.runSuites(TestNG.java:1063)
at org.testng.TestNG.run(TestNG.java:1031)
at org.testng.remote.AbstractRemoteTestNG.run(AbstractRemoteTestNG.java:115)
at org.testng.remote.RemoteTestNG.initAndRun(RemoteTestNG.java:251)
at org.testng.remote.RemoteTestNG.main(RemoteTestNG.java:77)
]]>
            </full-stacktrace>
          </exception> <!-- org.openqa.selenium.SessionNotCreatedException -->
          <reporter-output>
          </reporter-output>
        </test-method> <!-- run -->
        <test-method is-config="true" signature="End()[pri:0, instance:SignIn.TC_004_Clicking_RememberMe@5223e5ee]" started-at="2023-07-05T10:26:37 IST" name="End" finished-at="1970-01-01T05:30:00 IST" duration-ms="-1688532997664" status="SKIP">
          <reporter-output>
          </reporter-output>
        </test-method> <!-- End -->
      </class> <!-- SignIn.TC_004_Clicking_RememberMe -->
    </test> <!-- Test -->
  </suite> <!-- Suite -->
</testng-results>
